<?xml version="1.0" encoding="UTF-8"?>
<coverage generated="1595321859652" clover="3.2.0">
  <project timestamp="1595321859653" name="All files">
    <metrics statements="19" coveredstatements="17" conditionals="4" coveredconditionals="3" methods="1" coveredmethods="1" elements="24" coveredelements="21" complexity="0" loc="19" ncloc="19" packages="1" files="1" classes="1"/>
    <file name="time_diffrence.js" path="C:\work\practice\Practice_TypeScript\Understanding_TypeScript\jest\time_diffrence.js">
      <metrics statements="19" coveredstatements="17" conditionals="4" coveredconditionals="3" methods="1" coveredmethods="1"/>
      <line num="2" count="1" type="stmt"/>
      <line num="3" count="1" type="stmt"/>
      <line num="6" count="1" type="stmt"/>
      <line num="7" count="1" type="stmt"/>
      <line num="9" count="1" type="stmt"/>
      <line num="10" count="1" type="stmt"/>
      <line num="12" count="1" type="stmt"/>
      <line num="14" count="1" type="stmt"/>
      <line num="15" count="1" type="stmt"/>
      <line num="22" count="1" type="stmt"/>
      <line num="24" count="1" type="stmt"/>
      <line num="26" count="2" type="cond" truecount="2" falsecount="0"/>
      <line num="27" count="1" type="stmt"/>
      <line num="28" count="1" type="stmt"/>
      <line num="31" count="2" type="cond" truecount="1" falsecount="1"/>
      <line num="32" count="0" type="stmt"/>
      <line num="33" count="0" type="stmt"/>
      <line num="35" count="2" type="stmt"/>
      <line num="38" count="1" type="stmt"/>
    </file>
  </project>
</coverage>
