{"C:\\work\\practice\\Practice_TypeScript\\Understanding_TypeScript\\jest\\time_diffrence.js": {"path":"C:\\work\\practice\\Practice_TypeScript\\Understanding_TypeScript\\jest\\time_diffrence.js","statementMap":{"0":{"start":{"line":2,"column":0},"end":{"line":2,"column":26}},"1":{"start":{"line":3,"column":0},"end":{"line":3,"column":27}},"2":{"start":{"line":6,"column":10},"end":{"line":6,"column":20}},"3":{"start":{"line":7,"column":13},"end":{"line":7,"column":26}},"4":{"start":{"line":9,"column":10},"end":{"line":9,"column":39}},"5":{"start":{"line":10,"column":13},"end":{"line":10,"column":26}},"6":{"start":{"line":12,"column":14},"end":{"line":12,"column":23}},"7":{"start":{"line":14,"column":13},"end":{"line":14,"column":29}},"8":{"start":{"line":15,"column":13},"end":{"line":15,"column":29}},"9":{"start":{"line":22,"column":17},"end":{"line":22,"column":32}},"10":{"start":{"line":24,"column":0},"end":{"line":36,"column":2}},"11":{"start":{"line":26,"column":4},"end":{"line":29,"column":5}},"12":{"start":{"line":27,"column":8},"end":{"line":27,"column":23}},"13":{"start":{"line":28,"column":8},"end":{"line":28,"column":28}},"14":{"start":{"line":31,"column":4},"end":{"line":34,"column":5}},"15":{"start":{"line":32,"column":8},"end":{"line":32,"column":22}},"16":{"start":{"line":33,"column":8},"end":{"line":33,"column":28}},"17":{"start":{"line":35,"column":4},"end":{"line":35,"column":18}},"18":{"start":{"line":38,"column":0},"end":{"line":38,"column":30}}},"fnMap":{"0":{"name":"(anonymous_0)","decl":{"start":{"line":24,"column":20},"end":{"line":24,"column":21}},"loc":{"start":{"line":24,"column":42},"end":{"line":36,"column":1}},"line":24}},"branchMap":{"0":{"loc":{"start":{"line":26,"column":4},"end":{"line":29,"column":5}},"type":"if","locations":[{"start":{"line":26,"column":4},"end":{"line":29,"column":5}},{"start":{"line":26,"column":4},"end":{"line":29,"column":5}}],"line":26},"1":{"loc":{"start":{"line":31,"column":4},"end":{"line":34,"column":5}},"type":"if","locations":[{"start":{"line":31,"column":4},"end":{"line":34,"column":5}},{"start":{"line":31,"column":4},"end":{"line":34,"column":5}}],"line":31}},"s":{"0":1,"1":1,"2":1,"3":1,"4":1,"5":1,"6":1,"7":1,"8":1,"9":1,"10":1,"11":2,"12":1,"13":1,"14":2,"15":0,"16":0,"17":2,"18":1},"f":{"0":2},"b":{"0":[1,1],"1":[0,2]},"_coverageSchema":"1a1c01bbd47fc00a2c39e90264f33305004495a9","hash":"2ec083dbea4871d907e03977511e60e52dfd382e"}
}
