TN:
SF:src\app.ts
FN:2,(anonymous_0)
FNF:1
FNH:1
FNDA:2,(anonymous_0)
DA:1,1
DA:3,2
DA:6,2
DA:8,2
DA:10,2
DA:12,2
DA:14,2
DA:16,2
DA:19,2
DA:20,0
DA:22,2
DA:23,2
DA:25,2
DA:30,1
DA:31,1
LF:15
LH:14
BRDA:19,0,0,0
BRDA:19,0,1,2
BRDA:22,1,0,2
BRDA:22,1,1,0
BRF:4
BRH:2
end_of_record
TN:
SF:src\mylib.js
FN:5,add
FN:10,timer
FN:11,(anonymous_2)
FN:12,(anonymous_3)
FN:17,loop
FN:28,clamp
FNF:6
FNH:5
FNDA:5,add
FNDA:1,timer
FNDA:1,(anonymous_2)
FNDA:0,(anonymous_3)
FNDA:1,loop
FNDA:5,clamp
DA:6,5
DA:11,1
DA:12,1
DA:18,1
DA:19,5
DA:29,5
LF:6
LH:6
BRF:0
BRH:0
end_of_record
TN:
SF:src\time_diffrence.js
FN:4,(anonymous_0)
FN:5,CheckSkipService
FN:6,(anonymous_2)
FNF:3
FNH:3
FNDA:1,(anonymous_0)
FNDA:2,CheckSkipService
FNDA:1,(anonymous_2)
DA:2,1
DA:3,1
DA:4,1
DA:6,1
DA:9,1
DA:10,1
DA:13,1
DA:14,1
DA:16,1
DA:18,1
DA:19,1
DA:26,1
DA:27,1
DA:29,1
DA:31,1
DA:32,1
DA:33,1
LF:17
LH:17
BRF:0
BRH:0
end_of_record
